2018-01-17 13:27:31,980 [Worker-4] INFO  c.g.t.t.d.PublishedGradleVersions - Gradle version information cache is out-of-date. Trying to update.
2018-01-17 13:32:23,580 [Worker-10] INFO  o.e.m.c.i.l.LifecycleMappingFactory - Using org.eclipse.m2e.jdt.JarLifecycleMapping lifecycle mapping for MavenProject: hearthStoneInfoService.API.Client:HearthStoneInfo.API.Client:1.0 @ C:\Users\Cristo\Desktop\hearthStoneInfo\HearthStoneInfo.API.Client\pom.xml.
2018-01-17 13:32:25,287 [Worker-10] INFO  o.e.m.j.i.AbstractJavaProjectConfigurator - Adding source folder /HearthStoneInfo.API.Client/src/main/java
2018-01-17 13:32:25,290 [Worker-10] INFO  o.e.m.j.i.AbstractJavaProjectConfigurator - Adding resource folder /HearthStoneInfo.API.Client/src/main/resources
2018-01-17 13:32:25,291 [Worker-10] INFO  o.e.m.j.i.AbstractJavaProjectConfigurator - Adding source folder /HearthStoneInfo.API.Client/src/test/java
2018-01-17 13:32:25,292 [Worker-10] INFO  o.e.m.j.i.AbstractJavaProjectConfigurator - Adding resource folder /HearthStoneInfo.API.Client/src/test/resources
2018-01-17 13:32:30,828 [Worker-0] WARN  o.e.m.c.i.embedder.EclipseLogger - Using platform encoding (Cp1252 actually) to copy filtered resources, i.e. build is platform dependent!
2018-01-17 13:32:30,843 [Worker-0] INFO  o.e.m.c.i.embedder.EclipseLogger - Copying 0 resource
2018-01-17 13:32:30,847 [Worker-0] WARN  o.e.m.c.i.embedder.EclipseLogger - Using platform encoding (Cp1252 actually) to copy filtered resources, i.e. build is platform dependent!
2018-01-17 13:32:30,865 [Worker-0] INFO  o.e.m.c.i.embedder.EclipseLogger - Copying 0 resource
2018-01-17 15:30:15,252 [Worker-2] INFO  c.g.t.t.d.PublishedGradleVersions - Gradle version information cache is up-to-date. Trying to read.
2018-01-17 15:30:30,250 [Worker-14] WARN  o.e.m.c.i.embedder.EclipseLogger - Using platform encoding (Cp1252 actually) to copy filtered resources, i.e. build is platform dependent!
2018-01-17 15:30:30,296 [Worker-14] INFO  o.e.m.c.i.embedder.EclipseLogger - Copying 0 resource
2018-01-17 15:30:30,303 [Worker-14] WARN  o.e.m.c.i.embedder.EclipseLogger - Using platform encoding (Cp1252 actually) to copy filtered resources, i.e. build is platform dependent!
2018-01-17 15:30:30,326 [Worker-14] INFO  o.e.m.c.i.embedder.EclipseLogger - Copying 0 resource
2018-01-17 15:31:03,287 [Worker-14] INFO  o.e.m.c.i.l.LifecycleMappingFactory - Using org.eclipse.m2e.jdt.JarLifecycleMapping lifecycle mapping for MavenProject: hearthStoneInfoService.API.Client:HearthStoneInfo.API.Client:1.0 @ C:\Users\Cristo\Desktop\hearthStoneInfo\HearthStoneInfo.API.Client\pom.xml.
2018-01-17 15:31:04,326 [Worker-14] WARN  o.e.m.c.i.embedder.EclipseLogger - Using platform encoding (Cp1252 actually) to copy filtered resources, i.e. build is platform dependent!
2018-01-17 15:31:04,354 [Worker-14] INFO  o.e.m.c.i.embedder.EclipseLogger - Copying 0 resource
2018-01-17 15:31:04,359 [Worker-14] WARN  o.e.m.c.i.embedder.EclipseLogger - Using platform encoding (Cp1252 actually) to copy filtered resources, i.e. build is platform dependent!
2018-01-17 15:31:04,381 [Worker-14] INFO  o.e.m.c.i.embedder.EclipseLogger - Copying 0 resource
2018-01-17 15:31:38,638 [Worker-2] INFO  o.e.m.c.i.l.LifecycleMappingFactory - Using org.eclipse.m2e.jdt.JarLifecycleMapping lifecycle mapping for MavenProject: hearthStoneInfoService.API.Client:HearthStoneInfo.API.Client:1.0 @ C:\Users\Cristo\Desktop\hearthStoneInfo\HearthStoneInfo.API.Client\pom.xml.
2018-01-17 15:31:39,086 [Worker-2] WARN  o.e.m.c.i.embedder.EclipseLogger - Using platform encoding (Cp1252 actually) to copy filtered resources, i.e. build is platform dependent!
2018-01-17 15:31:39,106 [Worker-2] INFO  o.e.m.c.i.embedder.EclipseLogger - Copying 0 resource
2018-01-17 15:31:39,110 [Worker-2] WARN  o.e.m.c.i.embedder.EclipseLogger - Using platform encoding (Cp1252 actually) to copy filtered resources, i.e. build is platform dependent!
2018-01-17 15:31:39,129 [Worker-2] INFO  o.e.m.c.i.embedder.EclipseLogger - Copying 0 resource
2018-01-17 15:31:40,472 [Worker-8] INFO  o.e.m.c.i.l.LifecycleMappingFactory - Using org.eclipse.m2e.jdt.JarLifecycleMapping lifecycle mapping for MavenProject: hearthStoneInfoService.API.Client:HearthStoneInfo.API.Client:1.0 @ C:\Users\Cristo\Desktop\hearthStoneInfo\HearthStoneInfo.API.Client\pom.xml.
2018-01-17 15:31:41,659 [Worker-6] WARN  o.e.m.c.i.embedder.EclipseLogger - Using platform encoding (Cp1252 actually) to copy filtered resources, i.e. build is platform dependent!
2018-01-17 15:31:41,682 [Worker-6] INFO  o.e.m.c.i.embedder.EclipseLogger - Copying 0 resource
2018-01-17 15:31:41,685 [Worker-6] WARN  o.e.m.c.i.embedder.EclipseLogger - Using platform encoding (Cp1252 actually) to copy filtered resources, i.e. build is platform dependent!
2018-01-17 15:31:41,701 [Worker-6] INFO  o.e.m.c.i.embedder.EclipseLogger - Copying 0 resource
2018-01-17 15:31:58,305 [Worker-12] INFO  o.e.m.c.i.p.ProjectConfigurationManager - Update started
2018-01-17 15:31:59,118 [Worker-12] INFO  o.e.m.c.i.l.LifecycleMappingFactory - Using org.eclipse.m2e.jdt.JarLifecycleMapping lifecycle mapping for MavenProject: hearthStoneInfoService.API.Client:HearthStoneInfo.API.Client:1.0 @ C:\Users\Cristo\Desktop\hearthStoneInfo\HearthStoneInfo.API.Client\pom.xml.
2018-01-17 15:31:59,368 [Worker-12] INFO  o.e.m.j.i.AbstractJavaProjectConfigurator - Adding source folder /HearthStoneInfo.API.Client/src/main/java
2018-01-17 15:31:59,380 [Worker-12] INFO  o.e.m.j.i.AbstractJavaProjectConfigurator - Adding resource folder /HearthStoneInfo.API.Client/src/main/resources
2018-01-17 15:31:59,394 [Worker-12] INFO  o.e.m.j.i.AbstractJavaProjectConfigurator - Adding source folder /HearthStoneInfo.API.Client/src/test/java
2018-01-17 15:31:59,394 [Worker-12] INFO  o.e.m.j.i.AbstractJavaProjectConfigurator - Adding resource folder /HearthStoneInfo.API.Client/src/test/resources
2018-01-17 15:31:59,708 [Worker-12] INFO  o.e.m.c.i.p.ProjectConfigurationManager - Update completed: 1 sec
2018-01-17 15:31:59,907 [Worker-11] WARN  o.e.m.c.i.embedder.EclipseLogger - Using platform encoding (Cp1252 actually) to copy filtered resources, i.e. build is platform dependent!
2018-01-17 15:31:59,942 [Worker-11] INFO  o.e.m.c.i.embedder.EclipseLogger - Copying 0 resource
2018-01-17 15:31:59,946 [Worker-11] WARN  o.e.m.c.i.embedder.EclipseLogger - Using platform encoding (Cp1252 actually) to copy filtered resources, i.e. build is platform dependent!
2018-01-17 15:31:59,967 [Worker-11] INFO  o.e.m.c.i.embedder.EclipseLogger - Copying 0 resource
2018-01-17 15:32:48,572 [Worker-13] INFO  o.e.m.c.i.l.LifecycleMappingFactory - Using org.eclipse.m2e.jdt.JarLifecycleMapping lifecycle mapping for MavenProject: hearthStoneInfoService.API.Client:HearthStoneInfo.API.Client:1.0 @ C:\Users\Cristo\Desktop\hearthStoneInfo\HearthStoneInfo.API.Client\pom.xml.
2018-01-17 15:32:51,538 [Worker-13] WARN  o.e.m.c.i.embedder.EclipseLogger - Using platform encoding (Cp1252 actually) to copy filtered resources, i.e. build is platform dependent!
2018-01-17 15:32:51,570 [Worker-13] INFO  o.e.m.c.i.embedder.EclipseLogger - Copying 0 resource
2018-01-17 15:32:51,583 [Worker-13] WARN  o.e.m.c.i.embedder.EclipseLogger - Using platform encoding (Cp1252 actually) to copy filtered resources, i.e. build is platform dependent!
2018-01-17 15:32:51,599 [Worker-13] INFO  o.e.m.c.i.embedder.EclipseLogger - Copying 0 resource
2018-01-17 15:32:54,959 [Worker-5] INFO  o.e.m.c.i.l.LifecycleMappingFactory - Using org.eclipse.m2e.jdt.JarLifecycleMapping lifecycle mapping for MavenProject: hearthStoneInfoService.API.Client:HearthStoneInfo.API.Client:1.0 @ C:\Users\Cristo\Desktop\hearthStoneInfo\HearthStoneInfo.API.Client\pom.xml.
2018-01-17 15:32:55,604 [Worker-5] WARN  o.e.m.c.i.embedder.EclipseLogger - Using platform encoding (Cp1252 actually) to copy filtered resources, i.e. build is platform dependent!
2018-01-17 15:32:55,624 [Worker-5] INFO  o.e.m.c.i.embedder.EclipseLogger - Copying 0 resource
2018-01-17 15:32:55,627 [Worker-5] WARN  o.e.m.c.i.embedder.EclipseLogger - Using platform encoding (Cp1252 actually) to copy filtered resources, i.e. build is platform dependent!
2018-01-17 15:32:55,658 [Worker-5] INFO  o.e.m.c.i.embedder.EclipseLogger - Copying 0 resource
2018-01-17 15:33:44,880 [Worker-5] INFO  c.g.t.t.d.PublishedGradleVersions - Gradle version information cache is up-to-date. Trying to read.
2018-01-17 15:34:11,203 [Worker-6] INFO  o.e.m.c.i.p.ProjectConfigurationManager - Update started
2018-01-17 15:34:12,547 [Worker-6] INFO  o.e.m.c.i.l.LifecycleMappingFactory - Using org.eclipse.m2e.jdt.JarLifecycleMapping lifecycle mapping for MavenProject: hearthStoneInfoService.API.Client:HearthStoneInfo.API.Client:1.0 @ C:\Users\Cristo\Desktop\hearthStoneInfo\HearthStoneInfo.API.Client\pom.xml.
2018-01-17 15:34:13,341 [Worker-6] INFO  o.e.m.j.i.AbstractJavaProjectConfigurator - Adding source folder /HearthStoneInfo.API.Client/src/main/java
2018-01-17 15:34:13,342 [Worker-6] INFO  o.e.m.j.i.AbstractJavaProjectConfigurator - Adding resource folder /HearthStoneInfo.API.Client/src/main/resources
2018-01-17 15:34:13,343 [Worker-6] INFO  o.e.m.j.i.AbstractJavaProjectConfigurator - Adding source folder /HearthStoneInfo.API.Client/src/test/java
2018-01-17 15:34:13,344 [Worker-6] INFO  o.e.m.j.i.AbstractJavaProjectConfigurator - Adding resource folder /HearthStoneInfo.API.Client/src/test/resources
2018-01-17 15:34:13,693 [Worker-6] INFO  o.e.m.c.i.p.ProjectConfigurationManager - Update completed: 2 sec
2018-01-17 15:34:14,256 [Worker-12] WARN  o.e.m.c.i.embedder.EclipseLogger - Using platform encoding (Cp1252 actually) to copy filtered resources, i.e. build is platform dependent!
2018-01-17 15:34:14,277 [Worker-12] INFO  o.e.m.c.i.embedder.EclipseLogger - Copying 0 resource
2018-01-17 15:34:14,281 [Worker-12] WARN  o.e.m.c.i.embedder.EclipseLogger - Using platform encoding (Cp1252 actually) to copy filtered resources, i.e. build is platform dependent!
2018-01-17 15:34:14,295 [Worker-12] INFO  o.e.m.c.i.embedder.EclipseLogger - Copying 0 resource
2018-01-17 15:38:06,285 [Worker-16] INFO  o.e.m.c.i.p.ProjectConfigurationManager - Update started
2018-01-17 15:38:07,222 [Worker-16] INFO  o.e.m.c.i.l.LifecycleMappingFactory - Using org.eclipse.m2e.jdt.JarLifecycleMapping lifecycle mapping for MavenProject: hearthStoneInfoService.API.Client:HearthStoneInfo.API.Client:1.0 @ C:\Users\Cristo\Desktop\hearthStoneInfo\HearthStoneInfo.API.Client\pom.xml.
2018-01-17 15:38:07,729 [Worker-16] INFO  o.e.m.j.i.AbstractJavaProjectConfigurator - Adding source folder /HearthStoneInfo.API.Client/src/main/java
2018-01-17 15:38:07,730 [Worker-16] INFO  o.e.m.j.i.AbstractJavaProjectConfigurator - Adding resource folder /HearthStoneInfo.API.Client/src/main/resources
2018-01-17 15:38:07,739 [Worker-16] INFO  o.e.m.j.i.AbstractJavaProjectConfigurator - Adding source folder /HearthStoneInfo.API.Client/src/test/java
2018-01-17 15:38:07,740 [Worker-16] INFO  o.e.m.j.i.AbstractJavaProjectConfigurator - Adding resource folder /HearthStoneInfo.API.Client/src/test/resources
2018-01-17 15:38:07,858 [Worker-16] INFO  o.e.m.c.i.p.ProjectConfigurationManager - Update completed: 1 sec
2018-01-17 15:38:08,116 [Worker-3] WARN  o.e.m.c.i.embedder.EclipseLogger - Using platform encoding (Cp1252 actually) to copy filtered resources, i.e. build is platform dependent!
2018-01-17 15:38:08,141 [Worker-3] INFO  o.e.m.c.i.embedder.EclipseLogger - Copying 0 resource
2018-01-17 15:38:08,144 [Worker-3] WARN  o.e.m.c.i.embedder.EclipseLogger - Using platform encoding (Cp1252 actually) to copy filtered resources, i.e. build is platform dependent!
2018-01-17 15:38:08,159 [Worker-3] INFO  o.e.m.c.i.embedder.EclipseLogger - Copying 0 resource
